20:14:27:964 [main] INFO  5logger{36} - ******** Starting TC003_LoginDDT ***********
20:14:35:028 [main] INFO  5logger{36} - ******** Starting TC003_LoginDDT ***********
20:16:35:492 [main] INFO  5logger{36} - [TestNG] Running:
  C:\Users\Sarvesh\eclipse-workspace\OpencartV121\Master.xml

20:17:19:362 [main] INFO  5logger{36} - ******** Starting TC003_LoginDDT ***********
20:17:29:836 [main] INFO  5logger{36} - ******** Starting TC003_LoginDDT ***********
20:17:40:255 [main] INFO  5logger{36} - ******** Starting TC003_LoginDDT ***********
20:17:50:654 [main] INFO  5logger{36} - ******** Starting TC003_LoginDDT ***********
20:18:01:041 [main] INFO  5logger{36} - ******** Starting TC003_LoginDDT ***********
20:18:30:451 [main] INFO  5logger{36} - [TestNG] Running:
  C:\Users\Sarvesh\eclipse-workspace\OpencartV121\Master.xml

20:19:09:220 [main] INFO  5logger{36} - ******** Starting TC003_LoginDDT ***********
20:19:19:842 [main] INFO  5logger{36} - ******** Starting TC003_LoginDDT ***********
20:19:30:351 [main] INFO  5logger{36} - ******** Starting TC003_LoginDDT ***********
20:19:40:730 [main] INFO  5logger{36} - ******** Starting TC003_LoginDDT ***********
20:19:51:111 [main] INFO  5logger{36} - ******** Starting TC003_LoginDDT ***********
20:21:11:708 [main] INFO  5logger{36} - [TestNG] Running:
  C:\Users\Sarvesh\eclipse-workspace\OpencartV121\Master.xml

20:22:03:037 [main] INFO  5logger{36} - ******** Starting TC003_LoginDDT ***********
20:22:13:522 [main] INFO  5logger{36} - ******** Starting TC003_LoginDDT ***********
20:22:23:886 [main] INFO  5logger{36} - ******** Starting TC003_LoginDDT ***********
20:22:34:266 [main] INFO  5logger{36} - ******** Starting TC003_LoginDDT ***********
20:22:44:649 [main] INFO  5logger{36} - ******** Starting TC003_LoginDDT ***********
20:30:59:427 [main] INFO  5logger{36} - [TestNG] Running:
  C:\Users\Sarvesh\eclipse-workspace\OpencartV121\Master.xml

20:31:14:752 [main] INFO  5logger{36} - ******** Starting TC003_LoginDDT ***********
20:31:30:184 [main] INFO  5logger{36} - ******** Starting TC003_LoginDDT ***********
20:31:52:590 [main] INFO  5logger{36} - ******** Starting TC003_LoginDDT ***********
20:32:13:246 [main] INFO  5logger{36} - ******** Starting TC003_LoginDDT ***********
20:32:33:927 [main] INFO  5logger{36} - ******** Starting TC003_LoginDDT ***********
20:41:51:441 [main] INFO  5logger{36} - [TestNG] Running:
  C:\Users\Sarvesh\eclipse-workspace\OpencartV121\Master.xml

20:42:04:793 [main] INFO  5logger{36} - ******** Starting TC003_LoginDDT ***********
20:42:18:088 [main] INFO  5logger{36} - ******** Finished TC003_LoginDDT ***********
20:42:18:091 [main] INFO  5logger{36} - ******** Starting TC003_LoginDDT ***********
20:42:38:804 [main] INFO  5logger{36} - ******** Starting TC003_LoginDDT ***********
20:42:59:483 [main] INFO  5logger{36} - ******** Starting TC003_LoginDDT ***********
20:43:20:183 [main] INFO  5logger{36} - ******** Starting TC003_LoginDDT ***********
20:55:20:642 [main] INFO  5logger{36} - [TestNG] Running:
  C:\Users\Sarvesh\eclipse-workspace\OpencartV121\Master.xml

20:55:51:968 [main] INFO  5logger{36} - ******** Starting TC003_LoginDDT ***********
20:56:41:644 [main] INFO  5logger{36} - ******** Finished TC003_LoginDDT ***********
20:56:41:644 [main] INFO  5logger{36} - ******** Starting TC003_LoginDDT ***********
20:57:02:185 [main] INFO  5logger{36} - [TestNG] Running:
  C:\Users\Sarvesh\eclipse-workspace\OpencartV121\Master.xml

20:57:23:356 [main] INFO  5logger{36} - ******** Starting TC003_LoginDDT ***********
20:58:38:302 [main] INFO  5logger{36} - ******** Finished TC003_LoginDDT ***********
20:58:38:302 [main] INFO  5logger{36} - ******** Starting TC003_LoginDDT ***********
20:59:00:384 [main] INFO  5logger{36} - ******** Starting TC003_LoginDDT ***********
20:59:21:095 [main] INFO  5logger{36} - ******** Starting TC003_LoginDDT ***********
20:59:41:768 [main] INFO  5logger{36} - ******** Starting TC003_LoginDDT ***********
20:59:54:451 [main] INFO  5logger{36} - ******** Finished TC003_LoginDDT ***********
19:57:30:790 [main] INFO  5logger{36} - [TestNG] Running:
  C:\Users\Sarvesh\eclipse-workspace\OpencartV121\Grouping.xml

19:58:32:848 [main] INFO  5logger{36} - [TestNG] Running:
  C:\Users\Sarvesh\eclipse-workspace\OpencartV121\Grouping.xml

20:00:41:184 [main] INFO  5logger{36} - [TestNG] Running:
  C:\Users\Sarvesh\eclipse-workspace\OpencartV121\Grouping.xml

20:01:42:297 [main] INFO  5logger{36} - *** Starting TC001_AccountRegistrationTest ***
20:01:42:660 [main] INFO  5logger{36} - *** Clicked on MyAccount ***
20:01:43:336 [main] INFO  5logger{36} - *** Clicked on Register ***
20:01:44:643 [main] INFO  5logger{36} - *** Entering customer details... ***
20:01:48:882 [main] INFO  5logger{36} - *** Entering expected message ***
20:01:49:006 [main] INFO  5logger{36} - *** Test Finished - TC001_AccountRegistrationTest
20:02:04:058 [main] INFO  5logger{36} - ** Starting test **
